# JRE version: OpenJDK Runtime Environment (11.0.10) (build 11.0.10+0-b96-7249189)
# Java VM: OpenJDK 64-Bit Server VM (11.0.10+0-b96-7249189, mixed mode, tiered, compressed oops, g1 gc, windows-amd64)
Heap:
 garbage-first heap   total 1096704K, used 204468K [0x0000000080000000, 0x0000000100000000)
  region size 1024K, 2 young (2048K), 2 survivors (2048K)
 Metaspace       used 135617K, capacity 139423K, committed 139648K, reserved 1171456K
  class space    used 16729K, capacity 18160K, committed 18304K, reserved 1048576K
GC Heap History (20 events):
Event: 373.714 GC heap after
{Heap after GC invocations=106 (full 0):
 garbage-first heap   total 429056K, used 197065K [0x0000000080000000, 0x0000000100000000)
  region size 1024K, 3 young (3072K), 3 survivors (3072K)
 Metaspace       used 135110K, capacity 138901K, committed 139136K, reserved 1169408K
  class space    used 16747K, capacity 18203K, committed 18304K, reserved 1048576K
}
Event: 374.748 GC heap before
{Heap before GC invocations=106 (full 0):
 garbage-first heap   total 429056K, used 268745K [0x0000000080000000, 0x0000000100000000)
  region size 1024K, 74 young (75776K), 3 survivors (3072K)
 Metaspace       used 135141K, capacity 138907K, committed 139136K, reserved 1169408K
  class space    used 16747K, capacity 18203K, committed 18304K, reserved 1048576K
}
Event: 374.834 GC heap after
{Heap after GC invocations=107 (full 0):
 garbage-first heap   total 429056K, used 212992K [0x0000000080000000, 0x0000000100000000)
  region size 1024K, 10 young (10240K), 10 survivors (10240K)
 Metaspace       used 135141K, capacity 138907K, committed 139136K, reserved 1169408K
  class space    used 16747K, capacity 18203K, committed 18304K, reserved 1048576K
}
Event: 375.795 GC heap before
{Heap before GC invocations=107 (full 0):
 garbage-first heap   total 429056K, used 245760K [0x0000000080000000, 0x0000000100000000)
  region size 1024K, 37 young (37888K), 10 survivors (10240K)
 Metaspace       used 135153K, capacity 138915K, committed 139136K, reserved 1169408K
  class space    used 16747K, capacity 18203K, committed 18304K, reserved 1048576K
}
Event: 375.854 GC heap after
{Heap after GC invocations=108 (full 0):
 garbage-first heap   total 429056K, used 224256K [0x0000000080000000, 0x0000000100000000)
  region size 1024K, 4 young (4096K), 4 survivors (4096K)
 Metaspace       used 135153K, capacity 138915K, committed 139136K, reserved 1169408K
  class space    used 16747K, capacity 18203K, committed 18304K, reserved 1048576K
}
Event: 377.159 GC heap before
{Heap before GC invocations=109 (full 0):
 garbage-first heap   total 429056K, used 252928K [0x0000000080000000, 0x0000000100000000)
  region size 1024K, 36 young (36864K), 4 survivors (4096K)
 Metaspace       used 134914K, capacity 138551K, committed 139136K, reserved 1169408K
  class space    used 16661K, capacity 18046K, committed 18304K, reserved 1048576K
}
Event: 377.189 GC heap after
{Heap after GC invocations=110 (full 0):
 garbage-first heap   total 429056K, used 225230K [0x0000000080000000, 0x0000000100000000)
  region size 1024K, 4 young (4096K), 4 survivors (4096K)
 Metaspace       used 134914K, capacity 138551K, committed 139136K, reserved 1169408K
  class space    used 16661K, capacity 18046K, committed 18304K, reserved 1048576K
}
Event: 377.598 GC heap before
{Heap before GC invocations=110 (full 0):
 garbage-first heap   total 429056K, used 246734K [0x0000000080000000, 0x0000000100000000)
  region size 1024K, 20 young (20480K), 4 survivors (4096K)
 Metaspace       used 134914K, capacity 138551K, committed 139136K, reserved 1169408K
  class space    used 16661K, capacity 18046K, committed 18304K, reserved 1048576K
}
Event: 377.625 GC heap after
{Heap after GC invocations=111 (full 0):
 garbage-first heap   total 429056K, used 221248K [0x0000000080000000, 0x0000000100000000)
  region size 1024K, 3 young (3072K), 3 survivors (3072K)
 Metaspace       used 134914K, capacity 138551K, committed 139136K, reserved 1169408K
  class space    used 16661K, capacity 18046K, committed 18304K, reserved 1048576K
}
Event: 377.701 GC heap before
{Heap before GC invocations=111 (full 0):
 garbage-first heap   total 429056K, used 238656K [0x0000000080000000, 0x0000000100000000)
  region size 1024K, 20 young (20480K), 3 survivors (3072K)
 Metaspace       used 134914K, capacity 138551K, committed 139136K, reserved 1169408K
  class space    used 16661K, capacity 18046K, committed 18304K, reserved 1048576K
}
Event: 377.772 GC heap after
{Heap after GC invocations=112 (full 0):
 garbage-first heap   total 429056K, used 216550K [0x0000000080000000, 0x0000000100000000)
  region size 1024K, 3 young (3072K), 3 survivors (3072K)
 Metaspace       used 134914K, capacity 138551K, committed 139136K, reserved 1169408K
  class space    used 16661K, capacity 18046K, committed 18304K, reserved 1048576K
}
Event: 378.664 GC heap before
{Heap before GC invocations=112 (full 0):
 garbage-first heap   total 429056K, used 243174K [0x0000000080000000, 0x0000000100000000)
  region size 1024K, 20 young (20480K), 3 survivors (3072K)
 Metaspace       used 134914K, capacity 138551K, committed 139136K, reserved 1169408K
  class space    used 16661K, capacity 18046K, committed 18304K, reserved 1048576K
}
Event: 378.700 GC heap after
{Heap after GC invocations=113 (full 0):
 garbage-first heap   total 429056K, used 225138K [0x0000000080000000, 0x0000000100000000)
  region size 1024K, 3 young (3072K), 3 survivors (3072K)
 Metaspace       used 134914K, capacity 138551K, committed 139136K, reserved 1169408K
  class space    used 16661K, capacity 18046K, committed 18304K, reserved 1048576K
}
Event: 380.439 GC heap before
{Heap before GC invocations=113 (full 0):
 garbage-first heap   total 429056K, used 308082K [0x0000000080000000, 0x0000000100000000)
  region size 1024K, 86 young (88064K), 3 survivors (3072K)
 Metaspace       used 134973K, capacity 138680K, committed 139392K, reserved 1171456K
  class space    used 16661K, capacity 18046K, committed 18304K, reserved 1048576K
}
Event: 380.494 GC heap after
{Heap after GC invocations=114 (full 0):
 garbage-first heap   total 429056K, used 227592K [0x0000000080000000, 0x0000000100000000)
  region size 1024K, 6 young (6144K), 6 survivors (6144K)
 Metaspace       used 134973K, capacity 138680K, committed 139392K, reserved 1171456K
  class space    used 16661K, capacity 18046K, committed 18304K, reserved 1048576K
}
Event: 388.359 GC heap before
{Heap before GC invocations=115 (full 0):
 garbage-first heap   total 429056K, used 324872K [0x0000000080000000, 0x0000000100000000)
  region size 1024K, 101 young (103424K), 6 survivors (6144K)
 Metaspace       used 135274K, capacity 139017K, committed 139648K, reserved 1171456K
  class space    used 16675K, capacity 18070K, committed 18304K, reserved 1048576K
}
Event: 391.380 GC heap after
{Heap after GC invocations=116 (full 0):
 garbage-first heap   total 429056K, used 214097K [0x0000000080000000, 0x0000000100000000)
  region size 1024K, 4 young (4096K), 4 survivors (4096K)
 Metaspace       used 135274K, capacity 139017K, committed 139648K, reserved 1171456K
  class space    used 16675K, capacity 18070K, committed 18304K, reserved 1048576K
}
Event: 467.315 GC heap before
{Heap before GC invocations=116 (full 0):
 garbage-first heap   total 429056K, used 274513K [0x0000000080000000, 0x0000000100000000)
  region size 1024K, 20 young (20480K), 4 survivors (4096K)
 Metaspace       used 135489K, capacity 139287K, committed 139648K, reserved 1171456K
  class space    used 16719K, capacity 18142K, committed 18304K, reserved 1048576K
}
Event: 468.048 GC heap after
{Heap after GC invocations=117 (full 0):
 garbage-first heap   total 429056K, used 204499K [0x0000000080000000, 0x0000000100000000)
  region size 1024K, 1 young (1024K), 1 survivors (1024K)
 Metaspace       used 135489K, capacity 139287K, committed 139648K, reserved 1171456K
  class space    used 16719K, capacity 18142K, committed 18304K, reserved 1048576K
}
Event: 792.357 GC heap before
{Heap before GC invocations=117 (full 0):
 garbage-first heap   total 429056K, used 222931K [0x0000000080000000, 0x0000000100000000)
  region size 1024K, 20 young (20480K), 1 survivors (1024K)
 Metaspace       used 135617K, capacity 139423K, committed 139648K, reserved 1171456K
  class space    used 16729K, capacity 18160K, committed 18304K, reserved 1048576K
}

