# JRE version: OpenJDK Runtime Environment (11.0.10) (build 11.0.10+0-b96-7249189)
# Java VM: OpenJDK 64-Bit Server VM (11.0.10+0-b96-7249189, mixed mode, tiered, compressed oops, g1 gc, windows-amd64)
Heap:
 garbage-first heap   total 95232K, used 64028K [0x0000000080000000, 0x0000000100000000)
  region size 1024K, 37 young (37888K), 3 survivors (3072K)
 Metaspace       used 46714K, capacity 47912K, committed 48204K, reserved 1091584K
  class space    used 5987K, capacity 6428K, committed 6476K, reserved 1048576K
GC Heap History (20 events):
Event: 4.955 GC heap before
{Heap before GC invocations=4 (full 0):
 garbage-first heap   total 65536K, used 39768K [0x0000000080000000, 0x0000000100000000)
  region size 1024K, 28 young (28672K), 4 survivors (4096K)
 Metaspace       used 17696K, capacity 18156K, committed 18432K, reserved 1064960K
  class space    used 2085K, capacity 2238K, committed 2304K, reserved 1048576K
}
Event: 4.989 GC heap after
{Heap after GC invocations=5 (full 0):
 garbage-first heap   total 65536K, used 17106K [0x0000000080000000, 0x0000000100000000)
  region size 1024K, 2 young (2048K), 2 survivors (2048K)
 Metaspace       used 17696K, capacity 18156K, committed 18432K, reserved 1064960K
  class space    used 2085K, capacity 2238K, committed 2304K, reserved 1048576K
}
Event: 5.535 GC heap before
{Heap before GC invocations=5 (full 0):
 garbage-first heap   total 65536K, used 39634K [0x0000000080000000, 0x0000000100000000)
  region size 1024K, 26 young (26624K), 2 survivors (2048K)
 Metaspace       used 20556K, capacity 21092K, committed 21248K, reserved 1067008K
  class space    used 2503K, capacity 2690K, committed 2816K, reserved 1048576K
}
Event: 5.543 GC heap after
{Heap after GC invocations=6 (full 0):
 garbage-first heap   total 78848K, used 17880K [0x0000000080000000, 0x0000000100000000)
  region size 1024K, 3 young (3072K), 3 survivors (3072K)
 Metaspace       used 20556K, capacity 21092K, committed 21248K, reserved 1067008K
  class space    used 2503K, capacity 2690K, committed 2816K, reserved 1048576K
}
Event: 6.491 GC heap before
{Heap before GC invocations=7 (full 0):
 garbage-first heap   total 78848K, used 47576K [0x0000000080000000, 0x0000000100000000)
  region size 1024K, 32 young (32768K), 3 survivors (3072K)
 Metaspace       used 23425K, capacity 24055K, committed 24192K, reserved 1071104K
  class space    used 2980K, capacity 3192K, committed 3200K, reserved 1048576K
}
Event: 6.497 GC heap after
{Heap after GC invocations=8 (full 0):
 garbage-first heap   total 78848K, used 18646K [0x0000000080000000, 0x0000000100000000)
  region size 1024K, 2 young (2048K), 2 survivors (2048K)
 Metaspace       used 23425K, capacity 24055K, committed 24192K, reserved 1071104K
  class space    used 2980K, capacity 3192K, committed 3200K, reserved 1048576K
}
Event: 7.340 GC heap before
{Heap before GC invocations=8 (full 0):
 garbage-first heap   total 78848K, used 49366K [0x0000000080000000, 0x0000000100000000)
  region size 1024K, 32 young (32768K), 2 survivors (2048K)
 Metaspace       used 26245K, capacity 26949K, committed 27008K, reserved 1073152K
  class space    used 3445K, capacity 3669K, committed 3712K, reserved 1048576K
}
Event: 7.346 GC heap after
{Heap after GC invocations=9 (full 0):
 garbage-first heap   total 78848K, used 19752K [0x0000000080000000, 0x0000000100000000)
  region size 1024K, 3 young (3072K), 3 survivors (3072K)
 Metaspace       used 26245K, capacity 26949K, committed 27008K, reserved 1073152K
  class space    used 3445K, capacity 3669K, committed 3712K, reserved 1048576K
}
Event: 8.271 GC heap before
{Heap before GC invocations=9 (full 0):
 garbage-first heap   total 78848K, used 51496K [0x0000000080000000, 0x0000000100000000)
  region size 1024K, 34 young (34816K), 3 survivors (3072K)
 Metaspace       used 29151K, capacity 29865K, committed 30080K, reserved 1075200K
  class space    used 3911K, capacity 4173K, committed 4224K, reserved 1048576K
}
Event: 8.278 GC heap after
{Heap after GC invocations=10 (full 0):
 garbage-first heap   total 78848K, used 20716K [0x0000000080000000, 0x0000000100000000)
  region size 1024K, 3 young (3072K), 3 survivors (3072K)
 Metaspace       used 29151K, capacity 29865K, committed 30080K, reserved 1075200K
  class space    used 3911K, capacity 4173K, committed 4224K, reserved 1048576K
}
Event: 9.037 GC heap before
{Heap before GC invocations=10 (full 0):
 garbage-first heap   total 78848K, used 42220K [0x0000000080000000, 0x0000000100000000)
  region size 1024K, 25 young (25600K), 3 survivors (3072K)
 Metaspace       used 35033K, capacity 35826K, committed 35840K, reserved 1081344K
  class space    used 4543K, capacity 4864K, committed 4864K, reserved 1048576K
}
Event: 9.053 GC heap after
{Heap after GC invocations=11 (full 0):
 garbage-first heap   total 78848K, used 23317K [0x0000000080000000, 0x0000000100000000)
  region size 1024K, 5 young (5120K), 5 survivors (5120K)
 Metaspace       used 35033K, capacity 35826K, committed 35840K, reserved 1081344K
  class space    used 4543K, capacity 4864K, committed 4864K, reserved 1048576K
}
Event: 9.838 GC heap before
{Heap before GC invocations=12 (full 0):
 garbage-first heap   total 78848K, used 53013K [0x0000000080000000, 0x0000000100000000)
  region size 1024K, 34 young (34816K), 5 survivors (5120K)
 Metaspace       used 37051K, capacity 37907K, committed 38220K, reserved 1083392K
  class space    used 4798K, capacity 5126K, committed 5196K, reserved 1048576K
}
Event: 9.856 GC heap after
{Heap after GC invocations=13 (full 0):
 garbage-first heap   total 78848K, used 26196K [0x0000000080000000, 0x0000000100000000)
  region size 1024K, 5 young (5120K), 5 survivors (5120K)
 Metaspace       used 37051K, capacity 37907K, committed 38220K, reserved 1083392K
  class space    used 4798K, capacity 5126K, committed 5196K, reserved 1048576K
}
Event: 10.769 GC heap before
{Heap before GC invocations=13 (full 0):
 garbage-first heap   total 78848K, used 57940K [0x0000000080000000, 0x0000000100000000)
  region size 1024K, 34 young (34816K), 5 survivors (5120K)
 Metaspace       used 39214K, capacity 40128K, committed 40268K, reserved 1083392K
  class space    used 5013K, capacity 5354K, committed 5452K, reserved 1048576K
}
Event: 10.779 GC heap after
{Heap after GC invocations=14 (full 0):
 garbage-first heap   total 78848K, used 28119K [0x0000000080000000, 0x0000000100000000)
  region size 1024K, 5 young (5120K), 5 survivors (5120K)
 Metaspace       used 39214K, capacity 40128K, committed 40268K, reserved 1083392K
  class space    used 5013K, capacity 5354K, committed 5452K, reserved 1048576K
}
Event: 11.590 GC heap before
{Heap before GC invocations=14 (full 0):
 garbage-first heap   total 78848K, used 56791K [0x0000000080000000, 0x0000000100000000)
  region size 1024K, 33 young (33792K), 5 survivors (5120K)
 Metaspace       used 42366K, capacity 43349K, committed 43468K, reserved 1087488K
  class space    used 5382K, capacity 5740K, committed 5836K, reserved 1048576K
}
Event: 11.599 GC heap after
{Heap after GC invocations=15 (full 0):
 garbage-first heap   total 78848K, used 28781K [0x0000000080000000, 0x0000000100000000)
  region size 1024K, 3 young (3072K), 3 survivors (3072K)
 Metaspace       used 42366K, capacity 43349K, committed 43468K, reserved 1087488K
  class space    used 5382K, capacity 5740K, committed 5836K, reserved 1048576K
}
Event: 12.331 GC heap before
{Heap before GC invocations=15 (full 0):
 garbage-first heap   total 78848K, used 58477K [0x0000000080000000, 0x0000000100000000)
  region size 1024K, 32 young (32768K), 3 survivors (3072K)
 Metaspace       used 44345K, capacity 45429K, committed 45516K, reserved 1089536K
  class space    used 5688K, capacity 6073K, committed 6092K, reserved 1048576K
}
Event: 12.351 GC heap after
{Heap after GC invocations=16 (full 0):
 garbage-first heap   total 95232K, used 30236K [0x0000000080000000, 0x0000000100000000)
  region size 1024K, 3 young (3072K), 3 survivors (3072K)
 Metaspace       used 44345K, capacity 45429K, committed 45516K, reserved 1089536K
  class space    used 5688K, capacity 6073K, committed 6092K, reserved 1048576K
}

